[debug] [2019-09-07T07:50:05.494Z] ----------------------------------------------------------------------
[debug] [2019-09-07T07:50:05.495Z] Command:       /usr/local/bin/node /usr/local/bin/firebase init
[debug] [2019-09-07T07:50:05.495Z] CLI Version:   7.3.1
[debug] [2019-09-07T07:50:05.495Z] Platform:      darwin
[debug] [2019-09-07T07:50:05.495Z] Node Version:  v10.15.0
[debug] [2019-09-07T07:50:05.496Z] Time:          Sat Sep 07 2019 00:50:05 GMT-0700 (Pacific Daylight Time)
[debug] [2019-09-07T07:50:05.496Z] ----------------------------------------------------------------------
[debug] 
[debug] [2019-09-07T07:50:05.500Z] > command requires scopes: ["email","openid","https://www.googleapis.com/auth/cloudplatformprojects.readonly","https://www.googleapis.com/auth/firebase","https://www.googleapis.com/auth/cloud-platform"]
[debug] [2019-09-07T07:50:05.500Z] > authorizing via signed-in user
[info] 
     ######## #### ########  ######## ########     ###     ######  ########
     ##        ##  ##     ## ##       ##     ##  ##   ##  ##       ##
     ######    ##  ########  ######   ########  #########  ######  ######
     ##        ##  ##    ##  ##       ##     ## ##     ##       ## ##
     ##       #### ##     ## ######## ########  ##     ##  ######  ########

You're about to initialize a Firebase project in this directory:

  /Users/luuniem/Desktop/projectEmily

[info] 
=== Project Setup
[info] 
[info] First, let's associate this project directory with a Firebase project.
[info] You can create multiple project aliases by running firebase use --add, 
[info] but for now we'll just set up a default project.
[info] 
[debug] [2019-09-07T07:50:33.836Z] > refreshing access token with scopes: ["email","https://www.googleapis.com/auth/cloud-platform","https://www.googleapis.com/auth/cloudplatformprojects.readonly","https://www.googleapis.com/auth/firebase","openid"]
[debug] [2019-09-07T07:50:33.836Z] >>> HTTP REQUEST POST https://www.googleapis.com/oauth2/v3/token  
 <request body omitted>
[debug] [2019-09-07T07:50:33.998Z] <<< HTTP RESPONSE 200
[debug] [2019-09-07T07:50:34.018Z] >>> HTTP REQUEST GET https://firebase.googleapis.com/v1beta1/availableProjects?pageSize=100  
 
[debug] [2019-09-07T07:50:34.773Z] <<< HTTP RESPONSE 200
[debug] [2019-09-07T07:52:01.891Z] TypeError: Cannot read property 'setRawMode' of null
    at ReadStream.setRawMode (tty.js:66:28)
    at Interface._setRawMode (readline.js:251:16)
    at Interface.close (readline.js:376:10)
    at ReadStream.ontermend (readline.js:164:10)
    at ReadStream.emit (events.js:187:15)
    at ReadStream.EventEmitter.emit (domain.js:441:20)
    at endReadableNT (_stream_readable.js:1094:12)
    at process._tickCallback (internal/process/next_tick.js:63:19)
